0 info it worked if it ends with ok
1 verbose cli [ '/Users/huangziyi/.nvm/versions/node/v5.12.0/bin/node',
1 verbose cli   '/Users/huangziyi/.nvm/versions/node/v5.12.0/bin/npm',
1 verbose cli   'publish' ]
2 info using npm@3.8.6
3 info using node@v5.12.0
4 verbose publish [ '.' ]
5 silly cache add args [ '.', null ]
6 verbose cache add spec .
7 silly cache add parsed spec Result {
7 silly cache add   raw: '.',
7 silly cache add   scope: null,
7 silly cache add   name: null,
7 silly cache add   rawSpec: '.',
7 silly cache add   spec: '/Users/huangziyi/workspace/gaea-app',
7 silly cache add   type: 'directory' }
8 verbose addLocalDirectory /Users/huangziyi/.npm/gaea-app/1.0.7/package.tgz not in flight; packing
9 verbose correctMkdir /Users/huangziyi/.npm correctMkdir not in flight; initializing
10 info lifecycle gaea-app@1.0.7~prepublish: gaea-app@1.0.7
11 verbose lifecycle gaea-app@1.0.7~prepublish: unsafe-perm in lifecycle true
12 verbose lifecycle gaea-app@1.0.7~prepublish: PATH: /Users/huangziyi/.nvm/versions/node/v5.12.0/lib/node_modules/npm/bin/node-gyp-bin:/Users/huangziyi/workspace/gaea-app/node_modules/.bin:/Users/huangziyi/.nvm/versions/node/v5.12.0/bin:/Users/huangziyi/.nvm/versions/node/v5.12.0/bin:/usr/local/bin:/usr/bin:/bin:/usr/sbin:/sbin
13 verbose lifecycle gaea-app@1.0.7~prepublish: CWD: /Users/huangziyi/workspace/gaea-app
14 silly lifecycle gaea-app@1.0.7~prepublish: Args: [ '-c', 'rm -rf built && tsc && babel built --out-dir built' ]
15 silly lifecycle gaea-app@1.0.7~prepublish: Returned: code: 0  signal: null
16 verbose tar pack [ '/Users/huangziyi/.npm/gaea-app/1.0.7/package.tgz',
16 verbose tar pack   '/Users/huangziyi/workspace/gaea-app' ]
17 verbose tarball /Users/huangziyi/.npm/gaea-app/1.0.7/package.tgz
18 verbose folder /Users/huangziyi/workspace/gaea-app
19 verbose addLocalTarball adding from inside cache /Users/huangziyi/.npm/gaea-app/1.0.7/package.tgz
20 verbose correctMkdir /Users/huangziyi/.npm correctMkdir not in flight; initializing
21 silly cache afterAdd gaea-app@1.0.7
22 verbose afterAdd /Users/huangziyi/.npm/gaea-app/1.0.7/package/package.json not in flight; writing
23 verbose correctMkdir /Users/huangziyi/.npm correctMkdir not in flight; initializing
24 verbose afterAdd /Users/huangziyi/.npm/gaea-app/1.0.7/package/package.json written
25 silly publish { name: 'gaea-app',
25 silly publish   version: '1.0.7',
25 silly publish   description: '',
25 silly publish   main: 'built/index.js',
25 silly publish   typings: 'src/index.ts',
25 silly publish   scripts:
25 silly publish    { start: 'run-react start',
25 silly publish      tslint: 'tslint \'./src/**/*.?(ts|tsx)\'',
25 silly publish      prepublish: 'rm -rf built && tsc && babel built --out-dir built' },
25 silly publish   repository:
25 silly publish    { type: 'git',
25 silly publish      url: 'git+https://github.com/ascoders/gaea-app.git' },
25 silly publish   author: '',
25 silly publish   license: 'ISC',
25 silly publish   bugs: { url: 'https://github.com/ascoders/gaea-app/issues' },
25 silly publish   homepage: 'https://github.com/ascoders/gaea-app#readme',
25 silly publish   devDependencies:
25 silly publish    { '@types/lz-string': '^1.3.32',
25 silly publish      '@types/react': '^15.0.24',
25 silly publish      '@types/react-dom': '^15.5.0',
25 silly publish      'babel-cli': '^6.24.1',
25 silly publish      'babel-preset-es2015': '^6.24.1',
25 silly publish      'babel-preset-stage-0': '^6.24.1',
25 silly publish      'pre-commit': '^1.2.2',
25 silly publish      'run-react': '^2.0.1',
25 silly publish      tslint: '^5.3.2',
25 silly publish      typescript: '^2.3.3' },
25 silly publish   'pre-commit': [ 'tslint' ],
25 silly publish   dependencies:
25 silly publish    { 'gaea-basic-components': '^1.0.5',
25 silly publish      'gaea-render': '^1.0.4',
25 silly publish      'lz-string': '^1.4.4',
25 silly publish      react: '^15.5.4',
25 silly publish      'react-dom': '^15.5.4',
25 silly publish      'react-router': '^4.1.1',
25 silly publish      'react-router-dom': '^4.1.1',
25 silly publish      '@types/react-router': '^4.0.9',
25 silly publish      '@types/react-router-dom': '^4.0.4' },
25 silly publish   gitHead: '9cc85cdd86d35ede041e12d86d92f34a5508a0b4',
25 silly publish   readme: 'ERROR: No README data found!',
25 silly publish   _id: 'gaea-app@1.0.7',
25 silly publish   _shasum: '1a760c557eb538aff6230b881257a1fb1ac997dd',
25 silly publish   _from: '.' }
26 verbose getPublishConfig undefined
27 silly mapToRegistry name gaea-app
28 silly mapToRegistry using default registry
29 silly mapToRegistry registry https://registry.npmjs.org/
30 silly mapToRegistry data Result {
30 silly mapToRegistry   raw: 'gaea-app',
30 silly mapToRegistry   scope: null,
30 silly mapToRegistry   name: 'gaea-app',
30 silly mapToRegistry   rawSpec: '',
30 silly mapToRegistry   spec: 'latest',
30 silly mapToRegistry   type: 'tag' }
31 silly mapToRegistry uri https://registry.npmjs.org/gaea-app
32 verbose publish registryBase https://registry.npmjs.org/
33 silly publish uploading /Users/huangziyi/.npm/gaea-app/1.0.7/package.tgz
34 verbose request uri https://registry.npmjs.org/gaea-app
35 verbose request sending authorization for write operation
36 info attempt registry request try #1 at 20:57:48
37 verbose request using bearer token for auth
38 verbose request id fcd66d7bfa18eb74
39 http request PUT https://registry.npmjs.org/gaea-app
40 http 403 https://registry.npmjs.org/gaea-app
41 verbose headers { 'content-type': 'application/json',
41 verbose headers   'cache-control': 'max-age=300',
41 verbose headers   'content-length': '95',
41 verbose headers   'accept-ranges': 'bytes',
41 verbose headers   date: 'Wed, 24 May 2017 12:57:49 GMT',
41 verbose headers   via: '1.1 varnish',
41 verbose headers   connection: 'keep-alive',
41 verbose headers   'x-served-by': 'cache-nrt6124-NRT',
41 verbose headers   'x-cache': 'MISS',
41 verbose headers   'x-cache-hits': '0',
41 verbose headers   'x-timer': 'S1495630669.877319,VS0,VE758',
41 verbose headers   vary: 'Accept-Encoding' }
42 verbose request invalidating /Users/huangziyi/.npm/registry.npmjs.org/gaea-app on PUT
43 error publish Failed PUT 403
44 verbose stack Error: "You cannot publish over the previously published version 1.0.7." : gaea-app
44 verbose stack     at makeError (/Users/huangziyi/.nvm/versions/node/v5.12.0/lib/node_modules/npm/node_modules/npm-registry-client/lib/request.js:264:12)
44 verbose stack     at CachingRegistryClient.<anonymous> (/Users/huangziyi/.nvm/versions/node/v5.12.0/lib/node_modules/npm/node_modules/npm-registry-client/lib/request.js:252:14)
44 verbose stack     at Request._callback (/Users/huangziyi/.nvm/versions/node/v5.12.0/lib/node_modules/npm/node_modules/npm-registry-client/lib/request.js:172:14)
44 verbose stack     at Request.self.callback (/Users/huangziyi/.nvm/versions/node/v5.12.0/lib/node_modules/npm/node_modules/request/request.js:199:22)
44 verbose stack     at emitTwo (events.js:100:13)
44 verbose stack     at Request.emit (events.js:185:7)
44 verbose stack     at Request.<anonymous> (/Users/huangziyi/.nvm/versions/node/v5.12.0/lib/node_modules/npm/node_modules/request/request.js:1036:10)
44 verbose stack     at emitOne (events.js:95:20)
44 verbose stack     at Request.emit (events.js:182:7)
44 verbose stack     at IncomingMessage.<anonymous> (/Users/huangziyi/.nvm/versions/node/v5.12.0/lib/node_modules/npm/node_modules/request/request.js:963:12)
45 verbose statusCode 403
46 verbose pkgid gaea-app
47 verbose cwd /Users/huangziyi/workspace/gaea-app
48 error Darwin 16.5.0
49 error argv "/Users/huangziyi/.nvm/versions/node/v5.12.0/bin/node" "/Users/huangziyi/.nvm/versions/node/v5.12.0/bin/npm" "publish"
50 error node v5.12.0
51 error npm  v3.8.6
52 error code E403
53 error "You cannot publish over the previously published version 1.0.7." : gaea-app
54 error If you need help, you may report this error at:
54 error     <https://github.com/npm/npm/issues>
55 verbose exit [ 1, true ]
